<?xml version="1.0" encoding="UTF-8"?>
<!-- Generated by org.testng.reporters.JUnitReportReporter -->
<testsuite skipped="0" hostname="DESKTOP-RMLD950" name="com.tests.NewTest" tests="1" failures="0" timestamp="26 Jun 2019 13:20:26 GMT" time="7.298" errors="0">
  <testcase name="freeCrmTitleTest" time="7.298" classname="com.tests.NewTest"/>
</testsuite> <!-- com.tests.NewTest -->
